0 info it worked if it ends with ok
1 verbose cli [ 'C:\\Program Files\\nodejs\\node.exe',
1 verbose cli   'C:\\Users\\Panamericana\\AppData\\Roaming\\npm\\node_modules\\npm\\bin\\npm-cli.js',
1 verbose cli   'i',
1 verbose cli   'react',
1 verbose cli   'react-dom' ]
2 info using npm@2.15.12
3 info using node@v10.13.0
4 verbose install initial load of C:\Users\Panamericana\Desktop\EVOION\package.json
5 warn package.json EVOION@1.0.0 No description
6 warn package.json EVOION@1.0.0 No repository field.
7 warn package.json EVOION@1.0.0 No README data
8 verbose readDependencies loading dependencies from C:\Users\Panamericana\Desktop\EVOION\package.json
9 silly cache add args [ 'react', null ]
10 verbose cache add spec react
11 silly cache add args [ 'react-dom', null ]
12 verbose cache add spec react-dom
13 silly cache add parsed spec Result {
13 silly cache add   raw: 'react',
13 silly cache add   scope: null,
13 silly cache add   name: 'react',
13 silly cache add   rawSpec: '',
13 silly cache add   spec: 'latest',
13 silly cache add   type: 'tag' }
14 silly addNamed react@latest
15 verbose addNamed "latest" is being treated as a dist-tag for react
16 info addNameTag [ 'react', 'latest' ]
17 silly mapToRegistry name react
18 silly mapToRegistry using default registry
19 silly mapToRegistry registry https://registry.npmjs.org/
20 silly mapToRegistry data Result {
20 silly mapToRegistry   raw: 'react',
20 silly mapToRegistry   scope: null,
20 silly mapToRegistry   name: 'react',
20 silly mapToRegistry   rawSpec: '',
20 silly mapToRegistry   spec: 'latest',
20 silly mapToRegistry   type: 'tag' }
21 silly mapToRegistry uri https://registry.npmjs.org/react
22 verbose addNameTag registry:https://registry.npmjs.org/react not in flight; fetching
23 silly cache add parsed spec Result {
23 silly cache add   raw: 'react-dom',
23 silly cache add   scope: null,
23 silly cache add   name: 'react-dom',
23 silly cache add   rawSpec: '',
23 silly cache add   spec: 'latest',
23 silly cache add   type: 'tag' }
24 silly addNamed react-dom@latest
25 verbose addNamed "latest" is being treated as a dist-tag for react-dom
26 info addNameTag [ 'react-dom', 'latest' ]
27 silly mapToRegistry name react-dom
28 silly mapToRegistry using default registry
29 silly mapToRegistry registry https://registry.npmjs.org/
30 silly mapToRegistry data Result {
30 silly mapToRegistry   raw: 'react-dom',
30 silly mapToRegistry   scope: null,
30 silly mapToRegistry   name: 'react-dom',
30 silly mapToRegistry   rawSpec: '',
30 silly mapToRegistry   spec: 'latest',
30 silly mapToRegistry   type: 'tag' }
31 silly mapToRegistry uri https://registry.npmjs.org/react-dom
32 verbose addNameTag registry:https://registry.npmjs.org/react-dom not in flight; fetching
33 verbose request uri https://registry.npmjs.org/react
34 verbose request no auth needed
35 info attempt registry request try #1 at 15:45:51
36 verbose request id dda511da01000beb
37 http request GET https://registry.npmjs.org/react
38 verbose request uri https://registry.npmjs.org/react-dom
39 verbose request no auth needed
40 info attempt registry request try #1 at 15:45:51
41 http request GET https://registry.npmjs.org/react-dom
42 http 200 https://registry.npmjs.org/react
43 verbose headers { date: 'Wed, 20 Jan 2021 20:45:52 GMT',
43 verbose headers   'content-type': 'application/json',
43 verbose headers   'transfer-encoding': 'chunked',
43 verbose headers   connection: 'keep-alive',
43 verbose headers   'set-cookie':
43 verbose headers    [ '__cfduid=de96c93282417139b486d5ee7d6915a581611175552; expires=Fri, 19-Feb-21 20:45:52 GMT; path=/; domain=.npmjs.org; HttpOnly; SameSite=Lax' ],
43 verbose headers   'cf-ray': '614ba4438cc73ec8-BOG',
43 verbose headers   age: '583',
43 verbose headers   'cache-control': 'public, max-age=300',
43 verbose headers   etag: 'W/"22ce78c48ca22349b76d881e5a91813e"',
43 verbose headers   'last-modified': 'Thu, 14 Jan 2021 07:22:03 GMT',
43 verbose headers   vary: 'accept-encoding, accept',
43 verbose headers   'cf-cache-status': 'HIT',
43 verbose headers   'cf-request-id': '07c324fe3600003ec84294f000000001',
43 verbose headers   'expect-ct':
43 verbose headers    'max-age=604800, report-uri="https://report-uri.cloudflare.com/cdn-cgi/beacon/expect-ct"',
43 verbose headers   server: 'cloudflare',
43 verbose headers   'content-encoding': 'gzip' }
44 silly get cb [ 200,
44 silly get   { date: 'Wed, 20 Jan 2021 20:45:52 GMT',
44 silly get     'content-type': 'application/json',
44 silly get     'transfer-encoding': 'chunked',
44 silly get     connection: 'keep-alive',
44 silly get     'set-cookie':
44 silly get      [ '__cfduid=de96c93282417139b486d5ee7d6915a581611175552; expires=Fri, 19-Feb-21 20:45:52 GMT; path=/; domain=.npmjs.org; HttpOnly; SameSite=Lax' ],
44 silly get     'cf-ray': '614ba4438cc73ec8-BOG',
44 silly get     age: '583',
44 silly get     'cache-control': 'public, max-age=300',
44 silly get     etag: 'W/"22ce78c48ca22349b76d881e5a91813e"',
44 silly get     'last-modified': 'Thu, 14 Jan 2021 07:22:03 GMT',
44 silly get     vary: 'accept-encoding, accept',
44 silly get     'cf-cache-status': 'HIT',
44 silly get     'cf-request-id': '07c324fe3600003ec84294f000000001',
44 silly get     'expect-ct':
44 silly get      'max-age=604800, report-uri="https://report-uri.cloudflare.com/cdn-cgi/beacon/expect-ct"',
44 silly get     server: 'cloudflare',
44 silly get     'content-encoding': 'gzip' } ]
45 verbose get saving react to C:\Users\Panamericana\AppData\Roaming\npm-cache\registry.npmjs.org\react\.cache.json
46 verbose correctMkdir C:\Users\Panamericana\AppData\Roaming\npm-cache correctMkdir not in flight; initializing
47 http 200 https://registry.npmjs.org/react-dom
48 verbose headers { date: 'Wed, 20 Jan 2021 20:45:52 GMT',
48 verbose headers   'content-type': 'application/json',
48 verbose headers   'transfer-encoding': 'chunked',
48 verbose headers   connection: 'keep-alive',
48 verbose headers   'set-cookie':
48 verbose headers    [ '__cfduid=dbd542f557cc4f57993416bc4f35700211611175552; expires=Fri, 19-Feb-21 20:45:52 GMT; path=/; domain=.npmjs.org; HttpOnly; SameSite=Lax' ],
48 verbose headers   'cf-ray': '614ba4439d0fb58e-BOG',
48 verbose headers   age: '336',
48 verbose headers   'cache-control': 'public, max-age=300',
48 verbose headers   etag: 'W/"078a3c7ddaeac6308acede2b1c583033"',
48 verbose headers   'last-modified': 'Thu, 14 Jan 2021 07:22:03 GMT',
48 verbose headers   vary: 'accept-encoding, accept',
48 verbose headers   'cf-cache-status': 'HIT',
48 verbose headers   'cf-request-id': '07c324fe410000b58ef4bf7000000001',
48 verbose headers   'expect-ct':
48 verbose headers    'max-age=604800, report-uri="https://report-uri.cloudflare.com/cdn-cgi/beacon/expect-ct"',
48 verbose headers   server: 'cloudflare',
48 verbose headers   'content-encoding': 'gzip' }
49 silly get cb [ 200,
49 silly get   { date: 'Wed, 20 Jan 2021 20:45:52 GMT',
49 silly get     'content-type': 'application/json',
49 silly get     'transfer-encoding': 'chunked',
49 silly get     connection: 'keep-alive',
49 silly get     'set-cookie':
49 silly get      [ '__cfduid=dbd542f557cc4f57993416bc4f35700211611175552; expires=Fri, 19-Feb-21 20:45:52 GMT; path=/; domain=.npmjs.org; HttpOnly; SameSite=Lax' ],
49 silly get     'cf-ray': '614ba4439d0fb58e-BOG',
49 silly get     age: '336',
49 silly get     'cache-control': 'public, max-age=300',
49 silly get     etag: 'W/"078a3c7ddaeac6308acede2b1c583033"',
49 silly get     'last-modified': 'Thu, 14 Jan 2021 07:22:03 GMT',
49 silly get     vary: 'accept-encoding, accept',
49 silly get     'cf-cache-status': 'HIT',
49 silly get     'cf-request-id': '07c324fe410000b58ef4bf7000000001',
49 silly get     'expect-ct':
49 silly get      'max-age=604800, report-uri="https://report-uri.cloudflare.com/cdn-cgi/beacon/expect-ct"',
49 silly get     server: 'cloudflare',
49 silly get     'content-encoding': 'gzip' } ]
50 verbose get saving react-dom to C:\Users\Panamericana\AppData\Roaming\npm-cache\registry.npmjs.org\react-dom\.cache.json
51 verbose correctMkdir C:\Users\Panamericana\AppData\Roaming\npm-cache correctMkdir not in flight; initializing
52 silly addNameTag next cb for react with tag latest
53 silly addNamed react@17.0.1
54 verbose addNamed "17.0.1" is a plain semver version for react
55 silly mapToRegistry name react
56 silly mapToRegistry using default registry
57 silly mapToRegistry registry https://registry.npmjs.org/
58 silly mapToRegistry data Result {
58 silly mapToRegistry   raw: 'react',
58 silly mapToRegistry   scope: null,
58 silly mapToRegistry   name: 'react',
58 silly mapToRegistry   rawSpec: '',
58 silly mapToRegistry   spec: 'latest',
58 silly mapToRegistry   type: 'tag' }
59 silly mapToRegistry uri https://registry.npmjs.org/react
60 verbose addRemoteTarball https://registry.npmjs.org/react/-/react-17.0.1.tgz not in flight; adding
61 verbose addRemoteTarball [ 'https://registry.npmjs.org/react/-/react-17.0.1.tgz',
61 verbose addRemoteTarball   '6e0600416bd57574e3f86d92edba3d9008726127' ]
62 info retry fetch attempt 1 at 15:45:51
63 info attempt registry request try #1 at 15:45:51
64 http fetch GET https://registry.npmjs.org/react/-/react-17.0.1.tgz
65 silly addNameTag next cb for react-dom with tag latest
66 silly addNamed react-dom@17.0.1
67 verbose addNamed "17.0.1" is a plain semver version for react-dom
68 silly mapToRegistry name react-dom
69 silly mapToRegistry using default registry
70 silly mapToRegistry registry https://registry.npmjs.org/
71 silly mapToRegistry data Result {
71 silly mapToRegistry   raw: 'react-dom',
71 silly mapToRegistry   scope: null,
71 silly mapToRegistry   name: 'react-dom',
71 silly mapToRegistry   rawSpec: '',
71 silly mapToRegistry   spec: 'latest',
71 silly mapToRegistry   type: 'tag' }
72 silly mapToRegistry uri https://registry.npmjs.org/react-dom
73 verbose addRemoteTarball https://registry.npmjs.org/react-dom/-/react-dom-17.0.1.tgz not in flight; adding
74 verbose addRemoteTarball [ 'https://registry.npmjs.org/react-dom/-/react-dom-17.0.1.tgz',
74 verbose addRemoteTarball   '1de2560474ec9f0e334285662ede52dbc5426fc6' ]
75 http fetch 200 https://registry.npmjs.org/react/-/react-17.0.1.tgz
76 info retry fetch attempt 1 at 15:45:51
77 info attempt registry request try #1 at 15:45:51
78 http fetch GET https://registry.npmjs.org/react-dom/-/react-dom-17.0.1.tgz
79 silly fetchAndShaCheck shasum 6e0600416bd57574e3f86d92edba3d9008726127
80 verbose addTmpTarball C:\Users\PANAME~1\AppData\Local\Temp\npm-20920-8bd09c03\registry.npmjs.org\react\-\react-17.0.1.tgz not in flight; adding
81 verbose addTmpTarball already have metadata; skipping unpack for react@17.0.1
82 verbose correctMkdir C:\Users\Panamericana\AppData\Roaming\npm-cache correctMkdir not in flight; initializing
83 http fetch 200 https://registry.npmjs.org/react-dom/-/react-dom-17.0.1.tgz
84 silly cache afterAdd react@17.0.1
85 verbose afterAdd C:\Users\Panamericana\AppData\Roaming\npm-cache\react\17.0.1\package\package.json not in flight; writing
86 verbose correctMkdir C:\Users\Panamericana\AppData\Roaming\npm-cache correctMkdir not in flight; initializing
87 verbose afterAdd C:\Users\Panamericana\AppData\Roaming\npm-cache\react\17.0.1\package\package.json written
88 silly fetchAndShaCheck shasum 1de2560474ec9f0e334285662ede52dbc5426fc6
89 verbose addTmpTarball C:\Users\PANAME~1\AppData\Local\Temp\npm-20920-8bd09c03\registry.npmjs.org\react-dom\-\react-dom-17.0.1.tgz not in flight; adding
90 verbose addTmpTarball already have metadata; skipping unpack for react-dom@17.0.1
91 verbose correctMkdir C:\Users\Panamericana\AppData\Roaming\npm-cache correctMkdir not in flight; initializing
92 silly cache afterAdd react-dom@17.0.1
93 verbose afterAdd C:\Users\Panamericana\AppData\Roaming\npm-cache\react-dom\17.0.1\package\package.json not in flight; writing
94 verbose correctMkdir C:\Users\Panamericana\AppData\Roaming\npm-cache correctMkdir not in flight; initializing
95 verbose afterAdd C:\Users\Panamericana\AppData\Roaming\npm-cache\react-dom\17.0.1\package\package.json written
96 silly install resolved [ { name: 'react',
96 silly install resolved     description:
96 silly install resolved      'React is a JavaScript library for building user interfaces.',
96 silly install resolved     keywords: [ 'react' ],
96 silly install resolved     version: '17.0.1',
96 silly install resolved     homepage: 'https://reactjs.org/',
96 silly install resolved     bugs: { url: 'https://github.com/facebook/react/issues' },
96 silly install resolved     license: 'MIT',
96 silly install resolved     main: 'index.js',
96 silly install resolved     repository:
96 silly install resolved      { type: 'git',
96 silly install resolved        url: 'git+https://github.com/facebook/react.git',
96 silly install resolved        directory: 'packages/react' },
96 silly install resolved     engines: { node: '>=0.10.0' },
96 silly install resolved     dependencies: { 'loose-envify': '^1.1.0', 'object-assign': '^4.1.1' },
96 silly install resolved     browserify: { transform: [Array] },
96 silly install resolved     _id: 'react@17.0.1',
96 silly install resolved     _nodeVersion: '12.18.3',
96 silly install resolved     _npmVersion: '6.14.6',
96 silly install resolved     dist:
96 silly install resolved      { integrity:
96 silly install resolved         'sha512-lG9c9UuMHdcAexXtigOZLX8exLWkW0Ku29qPRU8uhF2R9BN96dLCt0psvzPLlHc5OWkgymP3qwTRgbnw5BKx3w==',
96 silly install resolved        shasum: '6e0600416bd57574e3f86d92edba3d9008726127',
96 silly install resolved        tarball: 'https://registry.npmjs.org/react/-/react-17.0.1.tgz',
96 silly install resolved        fileCount: 18,
96 silly install resolved        unpackedSize: 298423,
96 silly install resolved        'npm-signature':
96 silly install resolved         '-----BEGIN PGP SIGNATURE-----\r\nVersion: OpenPGP.js v3.0.13\r\nComment: https://openpgpjs.org\r\n\r\nwsFcBAEBCAAQBQJfkXlZCRA9TVsSAnZWagAATFgP/RRW/Y3uxva0iqd+EfSC\nYP+Bo0VhWXb7pUszupgnnZqgHb9aJNNu/1KQaXs5Dm5NmzkCdYpec9y1N6H3\n7dtRkchqVwDf7XmgsdQBxFzlGXgvMo3KzGtfVP01iMJ1QVzwbfKh4Ng3QQZM\nsqzShgPo176HQ+P3FBVzAh3iXVlomzHzj69pI1IG8zfUgCF1WlNHPaYKctoo\nY2ImZuZ0AY0JlAARBYA3PoG8GjNOnb2n5JJ12lQnG4im8uwkQcM5njq/+qEh\njHhZLCsq9sm0BcWaxdfs2wWyIyO/KBUHHMbBY61VN6+IXZ5+26Kucfh/TIs9\nSxgFGOPkmAVeQ0k6uI82/7UxSVznY+bmTohCqzyEnOGPWhQbeqt3XyngBHBZ\nGuhQrzQKFBotfTgRLePPburS47M1QJ0M9vhJRwz3b9qcmx/XMNYSVz6oSqXS\ny65yS+d7GdTpwYqJvHr7Jmnd5FAjiL3Yux5nO7blJ0W5FYY/jQ/ycTXrPx8F\nVzgx3P1Bxnh3eUlCnF/DTTNFgX0KKlvs4dSs8zK5AUyRADKUnlHZ445NCrSI\nQaNkxYLEVW0hyT+yzqLjtNeZWh5dXOCN1wZd722oUJSwrLwq7I5oa4aiXWen\nnzkC+WvloMNjTl1zVPFT6BmiqioYwys+juCjP88hYcfla3AEFCgcTSjzANDN\nZho9\r\n=RpX9\r\n-----END PGP SIGNATURE-----\r\n' },
96 silly install resolved     maintainers:
96 silly install resolved      [ [Object],
96 silly install resolved        [Object],
96 silly install resolved        [Object],
96 silly install resolved        [Object],
96 silly install resolved        [Object],
96 silly install resolved        [Object],
96 silly install resolved        [Object],
96 silly install resolved        [Object] ],
96 silly install resolved     _npmUser: { name: 'gaearon', email: 'dan.abramov@gmail.com' },
96 silly install resolved     directories: {},
96 silly install resolved     _npmOperationalInternal:
96 silly install resolved      { host: 's3://npm-registry-packages',
96 silly install resolved        tmp: 'tmp/react_17.0.1_1603369305190_0.6085807529201266' },
96 silly install resolved     _hasShrinkwrap: false,
96 silly install resolved     _shasum: '6e0600416bd57574e3f86d92edba3d9008726127',
96 silly install resolved     _resolved: 'https://registry.npmjs.org/react/-/react-17.0.1.tgz',
96 silly install resolved     _from: 'react@latest' },
96 silly install resolved   { name: 'react-dom',
96 silly install resolved     version: '17.0.1',
96 silly install resolved     description: 'React package for working with the DOM.',
96 silly install resolved     main: 'index.js',
96 silly install resolved     repository:
96 silly install resolved      { type: 'git',
96 silly install resolved        url: 'git+https://github.com/facebook/react.git',
96 silly install resolved        directory: 'packages/react-dom' },
96 silly install resolved     keywords: [ 'react' ],
96 silly install resolved     license: 'MIT',
96 silly install resolved     bugs: { url: 'https://github.com/facebook/react/issues' },
96 silly install resolved     homepage: 'https://reactjs.org/',
96 silly install resolved     dependencies:
96 silly install resolved      { 'loose-envify': '^1.1.0',
96 silly install resolved        'object-assign': '^4.1.1',
96 silly install resolved        scheduler: '^0.20.1' },
96 silly install resolved     peerDependencies: { react: '17.0.1' },
96 silly install resolved     browser:
96 silly install resolved      { './server.js': './server.browser.js',
96 silly install resolved        './unstable-fizz.js': './unstable-fizz.browser.js' },
96 silly install resolved     browserify: { transform: [Array] },
96 silly install resolved     scripts: { start: 'node server.js' },
96 silly install resolved     _id: 'react-dom@17.0.1',
96 silly install resolved     _nodeVersion: '12.18.3',
96 silly install resolved     _npmVersion: '6.14.6',
96 silly install resolved     dist:
96 silly install resolved      { integrity:
96 silly install resolved         'sha512-6eV150oJZ9U2t9svnsspTMrWNyHc6chX0KzDeAOXftRa8bNeOKTTfCJ7KorIwenkHd2xqVTBTCZd79yk/lx/Ug==',
96 silly install resolved        shasum: '1de2560474ec9f0e334285662ede52dbc5426fc6',
96 silly install resolved        tarball:
96 silly install resolved         'https://registry.npmjs.org/react-dom/-/react-dom-17.0.1.tgz',
96 silly install resolved        fileCount: 26,
96 silly install resolved        unpackedSize: 2988151,
96 silly install resolved        'npm-signature':
96 silly install resolved         '-----BEGIN PGP SIGNATURE-----\r\nVersion: OpenPGP.js v3.0.13\r\nComment: https://openpgpjs.org\r\n\r\nwsFcBAEBCAAQBQJfkXlmCRA9TVsSAnZWagAAfnAP/A8sGT8gCVo7qQBNguvL\n1wPOVZXrbI8e4jLr8bIeCsR1rsYNrepja9osE9OPG9yIfZhXYfHcIn0kfs6N\n66JktRPL46FwZamuKQepr1rdZt4AdrT+pIabnaEI63+UFuF4Ryy3XbINAXck\nrNJbOZc/RZUvC17oAV89eQMIfdJvsyA3paYMfPpWyTHij3JkoadUopXX0jOZ\nHglXGzC19/xnyRqaxo190p3ye8aKSLZqJCG8IFLqPGSqFxaGBnD2vY7Iv4+J\naFlo+ckg7gbzgpfLhICvt92GpvAB9BWcedKVgGzXYELHBA7EnkwLkfIwAOiR\nv0x+dkKiKcsLLVQrz83b93/pXfv4+pRmfOos7/qmmMi1GImGCnYwoba3Kbge\njY4E2jkCbvSVgFQAf39h4c05FPfr0iDTgQErYQ/rb6CAkkHzRQUu+c18huYT\nlzao+9MM1GhMBW5K4h26mk9B9OGxrQP9YdkF1fUh/wckC7GVHcY+uhwsjSiv\nJy8jhAdq4kodvc5pFYWdq1s72oqiOtoiOf++NCtLAUHwjx4ELiluKWYAlvZg\nbwo2loH18QmU3viR2KpiLUYoNOqHhGLULPa6qZZyz/MWlRIQiYqgypN/bPwQ\nKCGtOVMemyd8wLVH+/5b03AB3fBpMN+z59OAPIV+hcw+A+Ch21k+cGUqyQ6l\ngONW\r\n=ZxLJ\r\n-----END PGP SIGNATURE-----\r\n' },
96 silly install resolved     maintainers:
96 silly install resolved      [ [Object],
96 silly install resolved        [Object],
96 silly install resolved        [Object],
96 silly install resolved        [Object],
96 silly install resolved        [Object],
96 silly install resolved        [Object],
96 silly install resolved        [Object],
96 silly install resolved        [Object],
96 silly install resolved        [Object] ],
96 silly install resolved     _npmUser: { name: 'gaearon', email: 'dan.abramov@gmail.com' },
96 silly install resolved     directories: {},
96 silly install resolved     _npmOperationalInternal:
96 silly install resolved      { host: 's3://npm-registry-packages',
96 silly install resolved        tmp: 'tmp/react-dom_17.0.1_1603369317860_0.4017997953117691' },
96 silly install resolved     _hasShrinkwrap: false,
96 silly install resolved     _shasum: '1de2560474ec9f0e334285662ede52dbc5426fc6',
96 silly install resolved     _resolved:
96 silly install resolved      'https://registry.npmjs.org/react-dom/-/react-dom-17.0.1.tgz',
96 silly install resolved     _from: 'react-dom@latest' } ]
97 info install react@17.0.1 into C:\Users\Panamericana\Desktop\EVOION
98 info install react-dom@17.0.1 into C:\Users\Panamericana\Desktop\EVOION
99 info installOne react@17.0.1
100 verbose installOne of react to C:\Users\Panamericana\Desktop\EVOION not in flight; installing
101 verbose correctMkdir C:\Users\Panamericana\AppData\Roaming\npm-cache\_locks correctMkdir not in flight; initializing
102 info installOne react-dom@17.0.1
103 verbose installOne of react-dom to C:\Users\Panamericana\Desktop\EVOION not in flight; installing
104 verbose correctMkdir C:\Users\Panamericana\AppData\Roaming\npm-cache\_locks correctMkdir already in flight; waiting
105 verbose lock using C:\Users\Panamericana\AppData\Roaming\npm-cache\_locks\react-dom-9711df9081298064.lock for C:\Users\Panamericana\Desktop\EVOION\node_modules\react-dom
106 verbose lock using C:\Users\Panamericana\AppData\Roaming\npm-cache\_locks\react-5eb3a5a8c6cb9d3f.lock for C:\Users\Panamericana\Desktop\EVOION\node_modules\react
107 silly install write writing react-dom 17.0.1 to C:\Users\Panamericana\Desktop\EVOION\node_modules\react-dom
108 silly install write writing react 17.0.1 to C:\Users\Panamericana\Desktop\EVOION\node_modules\react
109 verbose unbuild node_modules\react-dom
110 verbose unbuild node_modules\react
111 silly gentlyRm C:\Users\Panamericana\Desktop\EVOION\node_modules\react-dom is being purged from base C:\Users\Panamericana\Desktop\EVOION
112 verbose gentlyRm don't care about contents; nuking C:\Users\Panamericana\Desktop\EVOION\node_modules\react-dom
113 verbose tar unpack C:\Users\Panamericana\AppData\Roaming\npm-cache\react-dom\17.0.1\package.tgz
114 verbose tar unpacking to C:\Users\Panamericana\Desktop\EVOION\node_modules\react-dom
115 silly gentlyRm C:\Users\Panamericana\Desktop\EVOION\node_modules\react-dom is being purged
116 verbose gentlyRm don't care about contents; nuking C:\Users\Panamericana\Desktop\EVOION\node_modules\react-dom
117 silly gunzTarPerm modes [ '777', '666' ]
118 silly gentlyRm C:\Users\Panamericana\Desktop\EVOION\node_modules\react is being purged from base C:\Users\Panamericana\Desktop\EVOION
119 verbose gentlyRm don't care about contents; nuking C:\Users\Panamericana\Desktop\EVOION\node_modules\react
120 verbose tar unpack C:\Users\Panamericana\AppData\Roaming\npm-cache\react\17.0.1\package.tgz
121 verbose tar unpacking to C:\Users\Panamericana\Desktop\EVOION\node_modules\react
122 silly gentlyRm C:\Users\Panamericana\Desktop\EVOION\node_modules\react is being purged
123 verbose gentlyRm don't care about contents; nuking C:\Users\Panamericana\Desktop\EVOION\node_modules\react
124 silly gunzTarPerm modes [ '777', '666' ]
125 silly gunzTarPerm extractEntry LICENSE
126 silly gunzTarPerm modified mode [ 'LICENSE', 420, 438 ]
127 silly gunzTarPerm extractEntry LICENSE
128 silly gunzTarPerm modified mode [ 'LICENSE', 420, 438 ]
129 silly gunzTarPerm extractEntry index.js
130 silly gunzTarPerm modified mode [ 'index.js', 420, 438 ]
131 silly gunzTarPerm extractEntry profiling.js
132 silly gunzTarPerm modified mode [ 'profiling.js', 420, 438 ]
133 silly gunzTarPerm extractEntry index.js
134 silly gunzTarPerm modified mode [ 'index.js', 420, 438 ]
135 silly gunzTarPerm extractEntry jsx-dev-runtime.js
136 silly gunzTarPerm modified mode [ 'jsx-dev-runtime.js', 420, 438 ]
137 silly gunzTarPerm extractEntry cjs/react-dom-server.browser.development.js
138 silly gunzTarPerm modified mode [ 'cjs/react-dom-server.browser.development.js', 420, 438 ]
139 silly gunzTarPerm extractEntry umd/react-dom-server.browser.development.js
140 silly gunzTarPerm modified mode [ 'umd/react-dom-server.browser.development.js', 420, 438 ]
141 silly gunzTarPerm extractEntry jsx-runtime.js
142 silly gunzTarPerm modified mode [ 'jsx-runtime.js', 420, 438 ]
143 silly gunzTarPerm extractEntry cjs/react-jsx-dev-runtime.development.js
144 silly gunzTarPerm modified mode [ 'cjs/react-jsx-dev-runtime.development.js', 420, 438 ]
145 silly gunzTarPerm extractEntry cjs/react-jsx-dev-runtime.production.min.js
146 silly gunzTarPerm modified mode [ 'cjs/react-jsx-dev-runtime.production.min.js', 420, 438 ]
147 silly gunzTarPerm extractEntry cjs/react-jsx-dev-runtime.profiling.min.js
148 silly gunzTarPerm modified mode [ 'cjs/react-jsx-dev-runtime.profiling.min.js', 420, 438 ]
149 silly gunzTarPerm extractEntry cjs/react-jsx-runtime.development.js
150 silly gunzTarPerm modified mode [ 'cjs/react-jsx-runtime.development.js', 420, 438 ]
151 silly gunzTarPerm extractEntry cjs/react-jsx-runtime.production.min.js
152 silly gunzTarPerm modified mode [ 'cjs/react-jsx-runtime.production.min.js', 420, 438 ]
153 silly gunzTarPerm extractEntry cjs/react-jsx-runtime.profiling.min.js
154 silly gunzTarPerm modified mode [ 'cjs/react-jsx-runtime.profiling.min.js', 420, 438 ]
155 silly gunzTarPerm extractEntry cjs/react.development.js
156 silly gunzTarPerm modified mode [ 'cjs/react.development.js', 420, 438 ]
157 silly gunzTarPerm extractEntry cjs/react-dom-server.browser.production.min.js
158 silly gunzTarPerm modified mode [ 'cjs/react-dom-server.browser.production.min.js', 420, 438 ]
159 silly gunzTarPerm extractEntry umd/react.development.js
160 silly gunzTarPerm modified mode [ 'umd/react.development.js', 420, 438 ]
161 silly gunzTarPerm extractEntry cjs/react.production.min.js
162 silly gunzTarPerm modified mode [ 'cjs/react.production.min.js', 420, 438 ]
163 silly gunzTarPerm extractEntry umd/react.production.min.js
164 silly gunzTarPerm modified mode [ 'umd/react.production.min.js', 420, 438 ]
165 silly gunzTarPerm extractEntry umd/react.profiling.min.js
166 silly gunzTarPerm modified mode [ 'umd/react.profiling.min.js', 420, 438 ]
167 silly gunzTarPerm extractEntry build-info.json
168 silly gunzTarPerm modified mode [ 'build-info.json', 420, 438 ]
169 silly gunzTarPerm extractEntry package.json
170 silly gunzTarPerm modified mode [ 'package.json', 420, 438 ]
171 silly gunzTarPerm extractEntry README.md
172 silly gunzTarPerm modified mode [ 'README.md', 420, 438 ]
173 silly gunzTarPerm extractEntry umd/react-dom-server.browser.production.min.js
174 silly gunzTarPerm modified mode [ 'umd/react-dom-server.browser.production.min.js', 420, 438 ]
175 silly gunzTarPerm extractEntry cjs/react-dom-server.node.development.js
176 silly gunzTarPerm modified mode [ 'cjs/react-dom-server.node.development.js', 420, 438 ]
177 silly gunzTarPerm extractEntry cjs/react-dom-server.node.production.min.js
178 silly gunzTarPerm modified mode [ 'cjs/react-dom-server.node.production.min.js', 420, 438 ]
179 silly gunzTarPerm extractEntry cjs/react-dom-test-utils.development.js
180 silly gunzTarPerm modified mode [ 'cjs/react-dom-test-utils.development.js', 420, 438 ]
181 silly gunzTarPerm extractEntry umd/react-dom-test-utils.development.js
182 silly gunzTarPerm modified mode [ 'umd/react-dom-test-utils.development.js', 420, 438 ]
183 silly gunzTarPerm extractEntry cjs/react-dom-test-utils.production.min.js
184 silly gunzTarPerm modified mode [ 'cjs/react-dom-test-utils.production.min.js', 420, 438 ]
185 silly gunzTarPerm extractEntry umd/react-dom-test-utils.production.min.js
186 silly gunzTarPerm modified mode [ 'umd/react-dom-test-utils.production.min.js', 420, 438 ]
187 silly gunzTarPerm extractEntry cjs/react-dom.development.js
188 silly gunzTarPerm modified mode [ 'cjs/react-dom.development.js', 420, 438 ]
189 silly gunzTarPerm extractEntry umd/react-dom.development.js
190 silly gunzTarPerm modified mode [ 'umd/react-dom.development.js', 420, 438 ]
191 silly gunzTarPerm extractEntry cjs/react-dom.production.min.js
192 silly gunzTarPerm modified mode [ 'cjs/react-dom.production.min.js', 420, 438 ]
193 silly gunzTarPerm extractEntry umd/react-dom.production.min.js
194 silly gunzTarPerm modified mode [ 'umd/react-dom.production.min.js', 420, 438 ]
195 silly gunzTarPerm extractEntry cjs/react-dom.profiling.min.js
196 silly gunzTarPerm modified mode [ 'cjs/react-dom.profiling.min.js', 420, 438 ]
197 silly gunzTarPerm extractEntry umd/react-dom.profiling.min.js
198 silly gunzTarPerm modified mode [ 'umd/react-dom.profiling.min.js', 420, 438 ]
199 silly gunzTarPerm extractEntry server.browser.js
200 silly gunzTarPerm modified mode [ 'server.browser.js', 420, 438 ]
201 silly gunzTarPerm extractEntry server.js
202 silly gunzTarPerm modified mode [ 'server.js', 420, 438 ]
203 silly gunzTarPerm extractEntry server.node.js
204 silly gunzTarPerm modified mode [ 'server.node.js', 420, 438 ]
205 silly gunzTarPerm extractEntry test-utils.js
206 silly gunzTarPerm modified mode [ 'test-utils.js', 420, 438 ]
207 silly gunzTarPerm extractEntry build-info.json
208 silly gunzTarPerm modified mode [ 'build-info.json', 420, 438 ]
209 silly gunzTarPerm extractEntry package.json
210 silly gunzTarPerm modified mode [ 'package.json', 420, 438 ]
211 silly gunzTarPerm extractEntry README.md
212 silly gunzTarPerm modified mode [ 'README.md', 420, 438 ]
213 verbose write writing to C:\Users\Panamericana\Desktop\EVOION\node_modules\react\package.json
214 info preinstall react@17.0.1
215 verbose readDependencies loading dependencies from C:\Users\Panamericana\Desktop\EVOION\node_modules\react\package.json
216 silly prepareForInstallMany adding loose-envify@^1.1.0 from react dependencies
217 silly prepareForInstallMany adding object-assign@^4.1.1 from react dependencies
218 verbose readDependencies loading dependencies from C:\Users\Panamericana\Desktop\EVOION\node_modules\react\package.json
219 silly cache add args [ 'loose-envify@^1.1.0', null ]
220 verbose cache add spec loose-envify@^1.1.0
221 silly cache add args [ 'object-assign@^4.1.1', null ]
222 verbose cache add spec object-assign@^4.1.1
223 silly cache add parsed spec Result {
223 silly cache add   raw: 'loose-envify@^1.1.0',
223 silly cache add   scope: null,
223 silly cache add   name: 'loose-envify',
223 silly cache add   rawSpec: '^1.1.0',
223 silly cache add   spec: '>=1.1.0 <2.0.0',
223 silly cache add   type: 'range' }
224 silly addNamed loose-envify@>=1.1.0 <2.0.0
225 verbose addNamed ">=1.1.0 <2.0.0" is a valid semver range for loose-envify
226 silly addNameRange { name: 'loose-envify', range: '>=1.1.0 <2.0.0', hasData: false }
227 silly mapToRegistry name loose-envify
228 silly mapToRegistry using default registry
229 silly mapToRegistry registry https://registry.npmjs.org/
230 silly mapToRegistry data Result {
230 silly mapToRegistry   raw: 'loose-envify',
230 silly mapToRegistry   scope: null,
230 silly mapToRegistry   name: 'loose-envify',
230 silly mapToRegistry   rawSpec: '',
230 silly mapToRegistry   spec: 'latest',
230 silly mapToRegistry   type: 'tag' }
231 silly mapToRegistry uri https://registry.npmjs.org/loose-envify
232 verbose addNameRange registry:https://registry.npmjs.org/loose-envify not in flight; fetching
233 silly cache add parsed spec Result {
233 silly cache add   raw: 'object-assign@^4.1.1',
233 silly cache add   scope: null,
233 silly cache add   name: 'object-assign',
233 silly cache add   rawSpec: '^4.1.1',
233 silly cache add   spec: '>=4.1.1 <5.0.0',
233 silly cache add   type: 'range' }
234 silly addNamed object-assign@>=4.1.1 <5.0.0
235 verbose addNamed ">=4.1.1 <5.0.0" is a valid semver range for object-assign
236 silly addNameRange { name: 'object-assign',
236 silly addNameRange   range: '>=4.1.1 <5.0.0',
236 silly addNameRange   hasData: false }
237 silly mapToRegistry name object-assign
238 silly mapToRegistry using default registry
239 silly mapToRegistry registry https://registry.npmjs.org/
240 silly mapToRegistry data Result {
240 silly mapToRegistry   raw: 'object-assign',
240 silly mapToRegistry   scope: null,
240 silly mapToRegistry   name: 'object-assign',
240 silly mapToRegistry   rawSpec: '',
240 silly mapToRegistry   spec: 'latest',
240 silly mapToRegistry   type: 'tag' }
241 silly mapToRegistry uri https://registry.npmjs.org/object-assign
242 verbose addNameRange registry:https://registry.npmjs.org/object-assign not in flight; fetching
243 verbose request uri https://registry.npmjs.org/loose-envify
244 verbose request no auth needed
245 info attempt registry request try #1 at 15:45:52
246 http request GET https://registry.npmjs.org/loose-envify
247 http 200 https://registry.npmjs.org/loose-envify
248 verbose headers { date: 'Wed, 20 Jan 2021 20:45:53 GMT',
248 verbose headers   'content-type': 'application/json; charset=UTF-8',
248 verbose headers   'transfer-encoding': 'chunked',
248 verbose headers   connection: 'keep-alive',
248 verbose headers   'set-cookie':
248 verbose headers    [ '__cfduid=d5ab31d97651988b1c07f9843f5da711e1611175553; expires=Fri, 19-Feb-21 20:45:53 GMT; path=/; domain=.npmjs.org; HttpOnly; SameSite=Lax' ],
248 verbose headers   'cf-ray': '614ba44b7a9b3ec8-BOG',
248 verbose headers   age: '2345',
248 verbose headers   'cache-control': 'public, max-age=300',
248 verbose headers   etag: 'W/"ff7dfaf14204cb0931ee4ffe2c39c3ce"',
248 verbose headers   'last-modified': 'Tue, 10 Jul 2018 11:09:50 GMT',
248 verbose headers   vary: 'accept-encoding, accept',
248 verbose headers   'cf-cache-status': 'HIT',
248 verbose headers   'cf-request-id': '07c325032600003ec85a094000000001',
248 verbose headers   'expect-ct':
248 verbose headers    'max-age=604800, report-uri="https://report-uri.cloudflare.com/cdn-cgi/beacon/expect-ct"',
248 verbose headers   server: 'cloudflare',
248 verbose headers   'content-encoding': 'gzip' }
249 silly get cb [ 200,
249 silly get   { date: 'Wed, 20 Jan 2021 20:45:53 GMT',
249 silly get     'content-type': 'application/json; charset=UTF-8',
249 silly get     'transfer-encoding': 'chunked',
249 silly get     connection: 'keep-alive',
249 silly get     'set-cookie':
249 silly get      [ '__cfduid=d5ab31d97651988b1c07f9843f5da711e1611175553; expires=Fri, 19-Feb-21 20:45:53 GMT; path=/; domain=.npmjs.org; HttpOnly; SameSite=Lax' ],
249 silly get     'cf-ray': '614ba44b7a9b3ec8-BOG',
249 silly get     age: '2345',
249 silly get     'cache-control': 'public, max-age=300',
249 silly get     etag: 'W/"ff7dfaf14204cb0931ee4ffe2c39c3ce"',
249 silly get     'last-modified': 'Tue, 10 Jul 2018 11:09:50 GMT',
249 silly get     vary: 'accept-encoding, accept',
249 silly get     'cf-cache-status': 'HIT',
249 silly get     'cf-request-id': '07c325032600003ec85a094000000001',
249 silly get     'expect-ct':
249 silly get      'max-age=604800, report-uri="https://report-uri.cloudflare.com/cdn-cgi/beacon/expect-ct"',
249 silly get     server: 'cloudflare',
249 silly get     'content-encoding': 'gzip' } ]
250 verbose get saving loose-envify to C:\Users\Panamericana\AppData\Roaming\npm-cache\registry.npmjs.org\loose-envify\.cache.json
251 verbose correctMkdir C:\Users\Panamericana\AppData\Roaming\npm-cache correctMkdir not in flight; initializing
252 verbose request uri https://registry.npmjs.org/object-assign
253 verbose request no auth needed
254 info attempt registry request try #1 at 15:45:53
255 verbose etag W/"d7609bf70dc4cde24cf456be05d80a7c"
256 verbose lastModified Sun, 27 May 2018 10:57:26 GMT
257 http request GET https://registry.npmjs.org/object-assign
258 http 304 https://registry.npmjs.org/object-assign
259 verbose headers { date: 'Wed, 20 Jan 2021 20:45:54 GMT',
259 verbose headers   connection: 'keep-alive',
259 verbose headers   'set-cookie':
259 verbose headers    [ '__cfduid=dc803722374a01fa4b942e4ea319f7c4c1611175554; expires=Fri, 19-Feb-21 20:45:54 GMT; path=/; domain=.npmjs.org; HttpOnly; SameSite=Lax' ],
259 verbose headers   'cf-ray': '614ba44ca965b58e-BOG',
259 verbose headers   age: '5610',
259 verbose headers   'cache-control': 'public, max-age=300',
259 verbose headers   etag: '"d7609bf70dc4cde24cf456be05d80a7c"',
259 verbose headers   'last-modified': 'Sun, 27 May 2018 10:57:26 GMT',
259 verbose headers   vary: 'Accept-Encoding',
259 verbose headers   'cf-cache-status': 'HIT',
259 verbose headers   'cf-request-id': '07c32503e80000b58e07156000000001',
259 verbose headers   'expect-ct':
259 verbose headers    'max-age=604800, report-uri="https://report-uri.cloudflare.com/cdn-cgi/beacon/expect-ct"',
259 verbose headers   server: 'cloudflare' }
260 silly get cb [ 304,
260 silly get   { date: 'Wed, 20 Jan 2021 20:45:54 GMT',
260 silly get     connection: 'keep-alive',
260 silly get     'set-cookie':
260 silly get      [ '__cfduid=dc803722374a01fa4b942e4ea319f7c4c1611175554; expires=Fri, 19-Feb-21 20:45:54 GMT; path=/; domain=.npmjs.org; HttpOnly; SameSite=Lax' ],
260 silly get     'cf-ray': '614ba44ca965b58e-BOG',
260 silly get     age: '5610',
260 silly get     'cache-control': 'public, max-age=300',
260 silly get     etag: '"d7609bf70dc4cde24cf456be05d80a7c"',
260 silly get     'last-modified': 'Sun, 27 May 2018 10:57:26 GMT',
260 silly get     vary: 'Accept-Encoding',
260 silly get     'cf-cache-status': 'HIT',
260 silly get     'cf-request-id': '07c32503e80000b58e07156000000001',
260 silly get     'expect-ct':
260 silly get      'max-age=604800, report-uri="https://report-uri.cloudflare.com/cdn-cgi/beacon/expect-ct"',
260 silly get     server: 'cloudflare' } ]
261 verbose etag https://registry.npmjs.org/object-assign from cache
262 verbose get saving object-assign to C:\Users\Panamericana\AppData\Roaming\npm-cache\registry.npmjs.org\object-assign\.cache.json
263 verbose correctMkdir C:\Users\Panamericana\AppData\Roaming\npm-cache correctMkdir not in flight; initializing
264 silly addNameRange number 2 { name: 'loose-envify', range: '>=1.1.0 <2.0.0', hasData: true }
265 silly addNameRange versions [ 'loose-envify',
265 silly addNameRange   [ '1.0.0', '1.1.0', '1.2.0', '1.3.0', '1.3.1', '1.4.0' ] ]
266 silly addNamed loose-envify@1.4.0
267 verbose addNamed "1.4.0" is a plain semver version for loose-envify
268 silly addNameRange number 2 { name: 'object-assign', range: '>=4.1.1 <5.0.0', hasData: true }
269 silly addNameRange versions [ 'object-assign',
269 silly addNameRange   [ '0.1.0',
269 silly addNameRange     '0.1.1',
269 silly addNameRange     '0.1.2',
269 silly addNameRange     '0.2.0',
269 silly addNameRange     '0.2.1',
269 silly addNameRange     '0.2.2',
269 silly addNameRange     '0.3.0',
269 silly addNameRange     '0.3.1',
269 silly addNameRange     '0.4.0',
269 silly addNameRange     '1.0.0',
269 silly addNameRange     '2.0.0',
269 silly addNameRange     '3.0.0',
269 silly addNameRange     '2.1.1',
269 silly addNameRange     '4.0.0',
269 silly addNameRange     '4.0.1',
269 silly addNameRange     '4.1.0',
269 silly addNameRange     '4.1.1' ] ]
270 silly addNamed object-assign@4.1.1
271 verbose addNamed "4.1.1" is a plain semver version for object-assign
272 silly mapToRegistry name loose-envify
273 silly mapToRegistry using default registry
274 silly mapToRegistry registry https://registry.npmjs.org/
275 silly mapToRegistry data Result {
275 silly mapToRegistry   raw: 'loose-envify',
275 silly mapToRegistry   scope: null,
275 silly mapToRegistry   name: 'loose-envify',
275 silly mapToRegistry   rawSpec: '',
275 silly mapToRegistry   spec: 'latest',
275 silly mapToRegistry   type: 'tag' }
276 silly mapToRegistry uri https://registry.npmjs.org/loose-envify
277 verbose addRemoteTarball https://registry.npmjs.org/loose-envify/-/loose-envify-1.4.0.tgz not in flight; adding
278 verbose addRemoteTarball [ 'https://registry.npmjs.org/loose-envify/-/loose-envify-1.4.0.tgz',
278 verbose addRemoteTarball   '71ee51fa7be4caec1a63839f7e682d8132d30caf' ]
279 info retry fetch attempt 1 at 15:45:53
280 info attempt registry request try #1 at 15:45:53
281 http fetch GET https://registry.npmjs.org/loose-envify/-/loose-envify-1.4.0.tgz
282 verbose write writing to C:\Users\Panamericana\Desktop\EVOION\node_modules\react-dom\package.json
283 info preinstall react-dom@17.0.1
284 verbose readDependencies loading dependencies from C:\Users\Panamericana\Desktop\EVOION\node_modules\react-dom\package.json
285 silly prepareForInstallMany adding loose-envify@^1.1.0 from react-dom dependencies
286 silly prepareForInstallMany adding object-assign@^4.1.1 from react-dom dependencies
287 silly prepareForInstallMany adding scheduler@^0.20.1 from react-dom dependencies
288 verbose readDependencies loading dependencies from C:\Users\Panamericana\Desktop\EVOION\node_modules\react-dom\package.json
289 silly cache add args [ 'loose-envify@^1.1.0', null ]
290 verbose cache add spec loose-envify@^1.1.0
291 silly cache add args [ 'object-assign@^4.1.1', null ]
292 verbose cache add spec object-assign@^4.1.1
293 silly cache add parsed spec Result {
293 silly cache add   raw: 'loose-envify@^1.1.0',
293 silly cache add   scope: null,
293 silly cache add   name: 'loose-envify',
293 silly cache add   rawSpec: '^1.1.0',
293 silly cache add   spec: '>=1.1.0 <2.0.0',
293 silly cache add   type: 'range' }
294 silly addNamed loose-envify@>=1.1.0 <2.0.0
295 verbose addNamed ">=1.1.0 <2.0.0" is a valid semver range for loose-envify
296 silly addNameRange { name: 'loose-envify', range: '>=1.1.0 <2.0.0', hasData: false }
297 silly mapToRegistry name loose-envify
298 silly mapToRegistry using default registry
299 silly mapToRegistry registry https://registry.npmjs.org/
300 silly mapToRegistry data Result {
300 silly mapToRegistry   raw: 'loose-envify',
300 silly mapToRegistry   scope: null,
300 silly mapToRegistry   name: 'loose-envify',
300 silly mapToRegistry   rawSpec: '',
300 silly mapToRegistry   spec: 'latest',
300 silly mapToRegistry   type: 'tag' }
301 silly mapToRegistry uri https://registry.npmjs.org/loose-envify
302 verbose addNameRange registry:https://registry.npmjs.org/loose-envify not in flight; fetching
303 silly cache add parsed spec Result {
303 silly cache add   raw: 'object-assign@^4.1.1',
303 silly cache add   scope: null,
303 silly cache add   name: 'object-assign',
303 silly cache add   rawSpec: '^4.1.1',
303 silly cache add   spec: '>=4.1.1 <5.0.0',
303 silly cache add   type: 'range' }
304 silly addNamed object-assign@>=4.1.1 <5.0.0
305 verbose addNamed ">=4.1.1 <5.0.0" is a valid semver range for object-assign
306 silly addNameRange { name: 'object-assign',
306 silly addNameRange   range: '>=4.1.1 <5.0.0',
306 silly addNameRange   hasData: false }
307 silly mapToRegistry name object-assign
308 silly mapToRegistry using default registry
309 silly mapToRegistry registry https://registry.npmjs.org/
310 silly mapToRegistry data Result {
310 silly mapToRegistry   raw: 'object-assign',
310 silly mapToRegistry   scope: null,
310 silly mapToRegistry   name: 'object-assign',
310 silly mapToRegistry   rawSpec: '',
310 silly mapToRegistry   spec: 'latest',
310 silly mapToRegistry   type: 'tag' }
311 silly mapToRegistry uri https://registry.npmjs.org/object-assign
312 verbose addNameRange registry:https://registry.npmjs.org/object-assign not in flight; fetching
313 silly cache add args [ 'scheduler@^0.20.1', null ]
314 verbose cache add spec scheduler@^0.20.1
315 silly cache add parsed spec Result {
315 silly cache add   raw: 'scheduler@^0.20.1',
315 silly cache add   scope: null,
315 silly cache add   name: 'scheduler',
315 silly cache add   rawSpec: '^0.20.1',
315 silly cache add   spec: '>=0.20.1 <0.21.0',
315 silly cache add   type: 'range' }
316 silly addNamed scheduler@>=0.20.1 <0.21.0
317 verbose addNamed ">=0.20.1 <0.21.0" is a valid semver range for scheduler
318 silly addNameRange { name: 'scheduler', range: '>=0.20.1 <0.21.0', hasData: false }
319 silly mapToRegistry name scheduler
320 silly mapToRegistry using default registry
321 silly mapToRegistry registry https://registry.npmjs.org/
322 silly mapToRegistry data Result {
322 silly mapToRegistry   raw: 'scheduler',
322 silly mapToRegistry   scope: null,
322 silly mapToRegistry   name: 'scheduler',
322 silly mapToRegistry   rawSpec: '',
322 silly mapToRegistry   spec: 'latest',
322 silly mapToRegistry   type: 'tag' }
323 silly mapToRegistry uri https://registry.npmjs.org/scheduler
324 verbose addNameRange registry:https://registry.npmjs.org/scheduler not in flight; fetching
325 verbose get https://registry.npmjs.org/loose-envify not expired, no request
326 silly addNameRange number 2 { name: 'loose-envify', range: '>=1.1.0 <2.0.0', hasData: true }
327 silly addNameRange versions [ 'loose-envify',
327 silly addNameRange   [ '1.0.0', '1.1.0', '1.2.0', '1.3.0', '1.3.1', '1.4.0' ] ]
328 silly addNamed loose-envify@1.4.0
329 verbose addNamed "1.4.0" is a plain semver version for loose-envify
330 verbose get https://registry.npmjs.org/object-assign not expired, no request
331 silly addNameRange number 2 { name: 'object-assign', range: '>=4.1.1 <5.0.0', hasData: true }
332 silly addNameRange versions [ 'object-assign',
332 silly addNameRange   [ '0.1.0',
332 silly addNameRange     '0.1.1',
332 silly addNameRange     '0.1.2',
332 silly addNameRange     '0.2.0',
332 silly addNameRange     '0.2.1',
332 silly addNameRange     '0.2.2',
332 silly addNameRange     '0.3.0',
332 silly addNameRange     '0.3.1',
332 silly addNameRange     '0.4.0',
332 silly addNameRange     '1.0.0',
332 silly addNameRange     '2.0.0',
332 silly addNameRange     '3.0.0',
332 silly addNameRange     '2.1.1',
332 silly addNameRange     '4.0.0',
332 silly addNameRange     '4.0.1',
332 silly addNameRange     '4.1.0',
332 silly addNameRange     '4.1.1' ] ]
333 silly addNamed object-assign@4.1.1
334 verbose addNamed "4.1.1" is a plain semver version for object-assign
335 silly mapToRegistry name loose-envify
336 silly mapToRegistry using default registry
337 silly mapToRegistry registry https://registry.npmjs.org/
338 silly mapToRegistry data Result {
338 silly mapToRegistry   raw: 'loose-envify',
338 silly mapToRegistry   scope: null,
338 silly mapToRegistry   name: 'loose-envify',
338 silly mapToRegistry   rawSpec: '',
338 silly mapToRegistry   spec: 'latest',
338 silly mapToRegistry   type: 'tag' }
339 silly mapToRegistry uri https://registry.npmjs.org/loose-envify
340 verbose addRemoteTarball https://registry.npmjs.org/loose-envify/-/loose-envify-1.4.0.tgz already in flight; waiting
341 http fetch 200 https://registry.npmjs.org/loose-envify/-/loose-envify-1.4.0.tgz
342 silly fetchAndShaCheck shasum 71ee51fa7be4caec1a63839f7e682d8132d30caf
343 verbose addTmpTarball C:\Users\PANAME~1\AppData\Local\Temp\npm-20920-8bd09c03\registry.npmjs.org\loose-envify\-\loose-envify-1.4.0.tgz not in flight; adding
344 verbose addTmpTarball already have metadata; skipping unpack for loose-envify@1.4.0
345 verbose correctMkdir C:\Users\Panamericana\AppData\Roaming\npm-cache correctMkdir not in flight; initializing
346 silly cache afterAdd loose-envify@1.4.0
347 verbose afterAdd C:\Users\Panamericana\AppData\Roaming\npm-cache\loose-envify\1.4.0\package\package.json not in flight; writing
348 verbose correctMkdir C:\Users\Panamericana\AppData\Roaming\npm-cache correctMkdir not in flight; initializing
349 silly cache afterAdd loose-envify@1.4.0
350 verbose afterAdd C:\Users\Panamericana\AppData\Roaming\npm-cache\loose-envify\1.4.0\package\package.json already in flight; not writing
351 verbose afterAdd C:\Users\Panamericana\AppData\Roaming\npm-cache\loose-envify\1.4.0\package\package.json written
352 verbose about to build C:\Users\Panamericana\Desktop\EVOION\node_modules\react
353 verbose request uri https://registry.npmjs.org/scheduler
354 verbose request no auth needed
355 info attempt registry request try #1 at 15:45:53
356 http request GET https://registry.npmjs.org/scheduler
357 verbose unlock done using C:\Users\Panamericana\AppData\Roaming\npm-cache\_locks\react-5eb3a5a8c6cb9d3f.lock for C:\Users\Panamericana\Desktop\EVOION\node_modules\react
358 http 200 https://registry.npmjs.org/scheduler
359 verbose headers { date: 'Wed, 20 Jan 2021 20:45:55 GMT',
359 verbose headers   'content-type': 'application/json',
359 verbose headers   'transfer-encoding': 'chunked',
359 verbose headers   connection: 'keep-alive',
359 verbose headers   'set-cookie':
359 verbose headers    [ '__cfduid=dc803722374a01fa4b942e4ea319f7c4c1611175554; expires=Fri, 19-Feb-21 20:45:54 GMT; path=/; domain=.npmjs.org; HttpOnly; SameSite=Lax' ],
359 verbose headers   'cf-ray': '614ba4507b65b58e-BOG',
359 verbose headers   'cache-control': 'public, max-age=300',
359 verbose headers   etag: 'W/"037d065a0e0cc5210c03c533acfb3b38"',
359 verbose headers   'last-modified': 'Mon, 11 Jan 2021 16:20:15 GMT',
359 verbose headers   vary: 'accept-encoding, accept',
359 verbose headers   'cf-cache-status': 'EXPIRED',
359 verbose headers   'cf-request-id': '07c325064b0000b58e0b1ea000000001',
359 verbose headers   'expect-ct':
359 verbose headers    'max-age=604800, report-uri="https://report-uri.cloudflare.com/cdn-cgi/beacon/expect-ct"',
359 verbose headers   server: 'cloudflare',
359 verbose headers   'content-encoding': 'gzip' }
360 silly get cb [ 200,
360 silly get   { date: 'Wed, 20 Jan 2021 20:45:55 GMT',
360 silly get     'content-type': 'application/json',
360 silly get     'transfer-encoding': 'chunked',
360 silly get     connection: 'keep-alive',
360 silly get     'set-cookie':
360 silly get      [ '__cfduid=dc803722374a01fa4b942e4ea319f7c4c1611175554; expires=Fri, 19-Feb-21 20:45:54 GMT; path=/; domain=.npmjs.org; HttpOnly; SameSite=Lax' ],
360 silly get     'cf-ray': '614ba4507b65b58e-BOG',
360 silly get     'cache-control': 'public, max-age=300',
360 silly get     etag: 'W/"037d065a0e0cc5210c03c533acfb3b38"',
360 silly get     'last-modified': 'Mon, 11 Jan 2021 16:20:15 GMT',
360 silly get     vary: 'accept-encoding, accept',
360 silly get     'cf-cache-status': 'EXPIRED',
360 silly get     'cf-request-id': '07c325064b0000b58e0b1ea000000001',
360 silly get     'expect-ct':
360 silly get      'max-age=604800, report-uri="https://report-uri.cloudflare.com/cdn-cgi/beacon/expect-ct"',
360 silly get     server: 'cloudflare',
360 silly get     'content-encoding': 'gzip' } ]
361 verbose get saving scheduler to C:\Users\Panamericana\AppData\Roaming\npm-cache\registry.npmjs.org\scheduler\.cache.json
362 verbose correctMkdir C:\Users\Panamericana\AppData\Roaming\npm-cache correctMkdir not in flight; initializing
363 silly addNameRange number 2 { name: 'scheduler', range: '>=0.20.1 <0.21.0', hasData: true }
364 silly addNameRange versions [ 'scheduler',
364 silly addNameRange   [ '0.1.0',
364 silly addNameRange     '0.1.1',
364 silly addNameRange     '0.5.0',
364 silly addNameRange     '0.5.1',
364 silly addNameRange     '0.5.2',
364 silly addNameRange     '0.5.3',
364 silly addNameRange     '0.6.0',
364 silly addNameRange     '0.6.1',
364 silly addNameRange     '0.7.1',
364 silly addNameRange     '0.8.1',
364 silly addNameRange     '0.9.0',
364 silly addNameRange     '0.10.0-alpha.400d197',
364 silly addNameRange     '0.10.0-alpha.f47a958',
364 silly addNameRange     '0.10.0-alpha.8af6728',
364 silly addNameRange     '0.10.0',
364 silly addNameRange     '0.11.0-alpha.0',
364 silly addNameRange     '0.11.0',
364 silly addNameRange     '0.0.0-b98adb6-8e066f7-PARTIAL',
364 silly addNameRange     '0.0.0-d5e1bf0-aee1b84',
364 silly addNameRange     '0.0.0-a8988e4-1d1a717',
364 silly addNameRange     '0.0.0-8b3c1e4-1d1a717',
364 silly addNameRange     '0.0.0-0c756fb-697f004',
364 silly addNameRange     '0.11.1',
364 silly addNameRange     '0.0.0-0c756fb-f7f79fd',
364 silly addNameRange     '0.11.2',
364 silly addNameRange     '0.12.0-alpha.1',
364 silly addNameRange     '0.12.0-alpha.2',
364 silly addNameRange     '0.0.0-ed4c4a51c',
364 silly addNameRange     '0.0.0-88ada9819',
364 silly addNameRange     '0.0.0-c5b7d26c7',
364 silly addNameRange     '0.12.0-alpha.3',
364 silly addNameRange     '0.11.3',
364 silly addNameRange     '0.0.0-7325ebe4d',
364 silly addNameRange     '0.0.0-4a1072194',
364 silly addNameRange     '0.12.0',
364 silly addNameRange     '0.0.0-f22621f88',
364 silly addNameRange     '0.13.0-alpha.0',
364 silly addNameRange     '0.0.0-3e15b1c69',
364 silly addNameRange     '0.13.0-alpha.1',
364 silly addNameRange     '0.0.0-fec00a869',
364 silly addNameRange     '0.0.0-267ed9814',
364 silly addNameRange     '0.0.0-d1326f466',
364 silly addNameRange     '0.13.0',
364 silly addNameRange     '0.0.0-11565a207',
364 silly addNameRange     '0.13.1',
364 silly addNameRange     '0.0.0-0e4135e8c',
364 silly addNameRange     '0.0.0-dfabb77a9',
364 silly addNameRange     '0.13.2',
364 silly addNameRange     '0.0.0-b668168d4',
364 silly addNameRange     '0.0.0-29b7b775f',
364 silly addNameRange     '0.13.3',
364 silly addNameRange     '0.0.0-741aa17a3',
364 silly addNameRange     '0.13.4',
364 silly addNameRange     '0.0.0-679402a66',
364 silly addNameRange     '0.0.0-f9e41e3a5',
364 silly addNameRange     '0.13.5',
364 silly addNameRange     '0.0.0-297165f1e',
364 silly addNameRange     '0.13.6',
364 silly addNameRange     '0.0.0-c35e37aab',
364 silly addNameRange     '0.14.0-alpha.0',
364 silly addNameRange     '0.0.0-a9eff329c',
364 silly addNameRange     '0.14.0',
364 silly addNameRange     '0.0.0-9ebe1768a',
364 silly addNameRange     '0.0.0-4221565e1',
364 silly addNameRange     '0.0.0-fb28e9048',
364 silly addNameRange     '0.0.0-6da04b5d8',
364 silly addNameRange     '0.0.0-50b50c26f',
364 silly addNameRange     '0.0.0-fa1e8df11',
364 silly addNameRange     '0.0.0-9f395904c',
364 silly addNameRange     '0.0.0-424099da6',
364 silly addNameRange     '0.0.0-b4178af81',
364 silly addNameRange     '0.0.0-bbd21066e',
364 silly addNameRange     '0.0.0-db3ae32b8',
364 silly addNameRange     '0.0.0-375616788',
364 silly addNameRange     '0.0.0-a1dbb852c',
364 silly addNameRange     '0.15.0-rc.0',
364 silly addNameRange     '0.15.0',
364 silly addNameRange     '0.0.0-8d5403877',
364 silly addNameRange     '0.0.0-45b6443c9',
364 silly addNameRange     '0.0.0-b4b8a349a',
364 silly addNameRange     '0.0.0-3694a3b5e',
364 silly addNameRange     '0.16.0',
364 silly addNameRange     '0.0.0-d346d9208',
364 silly addNameRange     '0.16.1',
364 silly addNameRange     '0.0.0-4ab6305f6',
364 silly addNameRange     '0.16.2',
364 silly addNameRange     '0.0.0-experimental-d364d8555',
364 silly addNameRange     '0.0.0-experimental-d7feeb25a',
364 silly addNameRange     '0.0.0-7082d5a2d',
364 silly addNameRange     '0.0.0-experimental-7082d5a2d',
364 silly addNameRange     '0.0.0-1022ee0ec',
364 silly addNameRange     '0.0.0-experimental-1022ee0ec',
364 silly addNameRange     '0.0.0-5faf377df',
364 silly addNameRange     '0.0.0-experimental-5faf377df',
364 silly addNameRange     '0.17.0',
364 silly addNameRange     '0.0.0-experimental-f6b8d31a7',
364 silly addNameRange     '0.0.0-f6b8d31a7',
364 silly addNameRange     '0.0.0-experimental-38dd17ab9',
364 silly addNameRange     '0.0.0-38dd17ab9',
364 silly addNameRange     '0.0.0-b53ea6ca0',
364 silly addNameRange     ... 55 more items ] ]
365 silly addNamed scheduler@0.20.1
366 verbose addNamed "0.20.1" is a plain semver version for scheduler
367 silly mapToRegistry name scheduler
368 silly mapToRegistry using default registry
369 silly mapToRegistry registry https://registry.npmjs.org/
370 silly mapToRegistry data Result {
370 silly mapToRegistry   raw: 'scheduler',
370 silly mapToRegistry   scope: null,
370 silly mapToRegistry   name: 'scheduler',
370 silly mapToRegistry   rawSpec: '',
370 silly mapToRegistry   spec: 'latest',
370 silly mapToRegistry   type: 'tag' }
371 silly mapToRegistry uri https://registry.npmjs.org/scheduler
372 verbose addRemoteTarball https://registry.npmjs.org/scheduler/-/scheduler-0.20.1.tgz not in flight; adding
373 verbose addRemoteTarball [ 'https://registry.npmjs.org/scheduler/-/scheduler-0.20.1.tgz',
373 verbose addRemoteTarball   'da0b907e24026b01181ecbc75efdc7f27b5a000c' ]
374 info retry fetch attempt 1 at 15:45:55
375 info attempt registry request try #1 at 15:45:55
376 http fetch GET https://registry.npmjs.org/scheduler/-/scheduler-0.20.1.tgz
377 http fetch 200 https://registry.npmjs.org/scheduler/-/scheduler-0.20.1.tgz
378 silly fetchAndShaCheck shasum da0b907e24026b01181ecbc75efdc7f27b5a000c
379 verbose addTmpTarball C:\Users\PANAME~1\AppData\Local\Temp\npm-20920-8bd09c03\registry.npmjs.org\scheduler\-\scheduler-0.20.1.tgz not in flight; adding
380 verbose addTmpTarball already have metadata; skipping unpack for scheduler@0.20.1
381 verbose correctMkdir C:\Users\Panamericana\AppData\Roaming\npm-cache correctMkdir not in flight; initializing
382 silly cache afterAdd scheduler@0.20.1
383 verbose afterAdd C:\Users\Panamericana\AppData\Roaming\npm-cache\scheduler\0.20.1\package\package.json not in flight; writing
384 verbose correctMkdir C:\Users\Panamericana\AppData\Roaming\npm-cache correctMkdir not in flight; initializing
385 verbose afterAdd C:\Users\Panamericana\AppData\Roaming\npm-cache\scheduler\0.20.1\package\package.json written
386 verbose about to build C:\Users\Panamericana\Desktop\EVOION\node_modules\react-dom
387 verbose unlock done using C:\Users\Panamericana\AppData\Roaming\npm-cache\_locks\react-dom-9711df9081298064.lock for C:\Users\Panamericana\Desktop\EVOION\node_modules\react-dom
388 verbose stack Error: Failed to parse json
388 verbose stack Unexpected token '\u0000' at 1:1
388 verbose stack                                                                                
388 verbose stack ^
388 verbose stack     at parseError (C:\Users\Panamericana\AppData\Roaming\npm\node_modules\npm\node_modules\read-package-json\read-json.js:390:11)
388 verbose stack     at parseJson (C:\Users\Panamericana\AppData\Roaming\npm\node_modules\npm\node_modules\read-package-json\read-json.js:79:23)
388 verbose stack     at C:\Users\Panamericana\AppData\Roaming\npm\node_modules\npm\node_modules\read-package-json\read-json.js:48:5
388 verbose stack     at C:\Users\Panamericana\AppData\Roaming\npm\node_modules\npm\node_modules\graceful-fs\graceful-fs.js:78:16
388 verbose stack     at FSReqWrap.readFileAfterClose [as oncomplete] (internal/fs/read_file_context.js:53:3)
389 verbose cwd C:\Users\Panamericana\Desktop\EVOION
390 error Windows_NT 10.0.18363
391 error argv "C:\\Program Files\\nodejs\\node.exe" "C:\\Users\\Panamericana\\AppData\\Roaming\\npm\\node_modules\\npm\\bin\\npm-cli.js" "i" "react" "react-dom"
392 error node v10.13.0
393 error npm  v2.15.12
394 error file C:\Users\Panamericana\AppData\Roaming\npm-cache\object-assign\4.1.1\package\package.json
395 error code EJSONPARSE
396 error Failed to parse json
396 error Unexpected token '\u0000' at 1:1
396 error                                                                                
396 error ^
397 error File: C:\Users\Panamericana\AppData\Roaming\npm-cache\object-assign\4.1.1\package\package.json
398 error Failed to parse package.json data.
398 error package.json must be actual JSON, not just JavaScript.
398 error
398 error This is not a bug in npm.
398 error Tell the package author to fix their package.json file. JSON.parse
399 verbose exit [ 1, true ]
400 verbose unbuild node_modules\react
401 info preuninstall react@17.0.1
402 info uninstall react@17.0.1
403 verbose unbuild rmStuff react@17.0.1 from C:\Users\Panamericana\Desktop\EVOION\node_modules
404 info postuninstall react@17.0.1
405 silly gentlyRm C:\Users\Panamericana\Desktop\EVOION\node_modules\react is being purged from base C:\Users\Panamericana\Desktop\EVOION
406 verbose gentlyRm don't care about contents; nuking C:\Users\Panamericana\Desktop\EVOION\node_modules\react
407 silly vacuum-fs purging C:\Users\Panamericana\Desktop\EVOION\node_modules\react
408 silly vacuum-fs quitting because other entries in C:\Users\Panamericana\Desktop\EVOION\node_modules
409 verbose unbuild node_modules\react-dom
410 info preuninstall react-dom@17.0.1
411 info uninstall react-dom@17.0.1
412 verbose unbuild rmStuff react-dom@17.0.1 from C:\Users\Panamericana\Desktop\EVOION\node_modules
413 info postuninstall react-dom@17.0.1
414 silly gentlyRm C:\Users\Panamericana\Desktop\EVOION\node_modules\react-dom is being purged from base C:\Users\Panamericana\Desktop\EVOION
415 verbose gentlyRm don't care about contents; nuking C:\Users\Panamericana\Desktop\EVOION\node_modules\react-dom
416 silly vacuum-fs purging C:\Users\Panamericana\Desktop\EVOION\node_modules\react-dom
417 silly vacuum-fs removing C:\Users\Panamericana\Desktop\EVOION\node_modules
418 silly vacuum-fs finished vacuuming up to C:\Users\Panamericana\Desktop\EVOION
